2020-06-08T17:14:59.632Z [grades-api] info: API Started!
2020-06-08T17:15:10.477Z [grades-api] info: API Started!
2020-06-08T17:19:13.943Z [grades-api] info: API Started!
2020-06-08T17:19:44.756Z [grades-api] error: POST /grade - The "path" argument must be one of type string, Buffer, or URL. Received type undefined
2020-06-08T17:22:17.947Z [grades-api] info: API Started!
2020-06-08T17:22:20.897Z [grades-api] error: POST /grade - The "path" argument must be one of type string, Buffer, or URL. Received type undefined
2020-06-08T17:22:37.731Z [grades-api] error: POST /grade - The "path" argument must be one of type string, Buffer, or URL. Received type undefined
2020-06-08T17:24:04.076Z [grades-api] info: API Started!
2020-06-08T17:24:09.234Z [grades-api] error: POST /grade - The "path" argument must be one of type string, Buffer, or URL. Received type undefined
2020-06-08T17:26:00.875Z [grades-api] info: API Started!
2020-06-08T17:26:03.868Z [grades-api] error: POST /grade - The "path" argument must be one of type string, Buffer, or URL. Received type undefined
2020-06-08T17:26:35.714Z [grades-api] info: API Started!
2020-06-08T17:26:38.292Z [grades-api] info: POST /grade - {"id":49,"student":"Raphael Mantilha","subject":"Node.js","type":"Prova Final","value":10,"timestamp":"2020-06-08T17:26:38.288Z"}
2020-06-08T17:26:39.255Z [grades-api] info: API Started!
2020-06-08T17:30:47.293Z [grades-api] info: API Started!
2020-06-08T17:31:20.309Z [grades-api] info: GET /grade
2020-06-08T17:37:39.665Z [grades-api] info: API Started!
2020-06-08T17:38:44.252Z [grades-api] info: GET /grade/:id - {"id":49,"student":"Raphael Mantilha","subject":"Node.js","type":"Prova Final","value":10,"timestamp":"2020-06-08T17:26:38.288Z"}
2020-06-08T18:14:01.829Z [grades-api] info: API Started!
2020-06-08T18:14:16.184Z [grades-api] info: POST /grade - {"id":50,"student":"Raphael Mantilha 2","subject":"Node.js","type":"Prova Final","value":10,"timestamp":"2020-06-08T18:14:16.179Z"}
2020-06-08T18:14:17.122Z [grades-api] info: API Started!
2020-06-08T18:14:22.570Z [grades-api] info: GET /grade/:id - {"id":50,"student":"Raphael Mantilha 2","subject":"Node.js","type":"Prova Final","value":10,"timestamp":"2020-06-08T18:14:16.179Z"}
2020-06-08T18:14:32.457Z [grades-api] info: POST /grade - {"id":51,"student":"Raphael Mantilha 3","subject":"Node.js","type":"Prova Final","value":10,"timestamp":"2020-06-08T18:14:32.455Z"}
2020-06-08T18:14:33.302Z [grades-api] info: API Started!
2020-06-08T18:14:49.897Z [grades-api] error: DELETE /grade/:id - The value "uft8" is invalid for option "encoding"
2020-06-08T18:15:05.192Z [grades-api] info: API Started!
2020-06-08T18:15:07.323Z [grades-api] info: DELETE /grade/:id - 51
2020-06-08T18:15:08.383Z [grades-api] info: API Started!
2020-06-08T18:16:14.948Z [grades-api] info: DELETE /grade/:id - 50
2020-06-08T18:16:15.771Z [grades-api] info: API Started!
2020-06-08T18:16:37.372Z [grades-api] info: API Started!
2020-06-08T18:16:46.444Z [grades-api] info: POST /grade - {"id":52,"student":"Raphael Mantilha 3","subject":"Node.js","type":"Prova Final","value":10,"timestamp":"2020-06-08T18:16:46.440Z"}
2020-06-08T18:16:47.281Z [grades-api] info: API Started!
2020-06-08T18:16:53.039Z [grades-api] info: GET /grade/:id - {"id":52,"student":"Raphael Mantilha 3","subject":"Node.js","type":"Prova Final","value":10,"timestamp":"2020-06-08T18:16:46.440Z"}
2020-06-08T18:16:59.455Z [grades-api] info: DELETE /grade/:id - 52
2020-06-08T18:17:00.291Z [grades-api] info: API Started!
2020-06-08T18:33:39.198Z [grades-api] info: API Started!
2020-06-08T18:33:47.731Z [grades-api] info: POST /grade - {"id":53,"student":"Raphael Mantilha 3","subject":"Node.js","type":"Prova Final","value":10,"timestamp":"2020-06-08T18:33:47.727Z"}
2020-06-08T18:33:48.775Z [grades-api] info: API Started!
2020-06-08T18:33:51.839Z [grades-api] info: GET /grade
2020-06-08T18:36:00.666Z [grades-api] info: API Started!
2020-06-08T18:36:12.272Z [grades-api] info: PUT /grade - {"id":53,"student":"Raphael Mantilha Nogueira","subject":"Java","type":"Prova 1","value":9,"timestamp":"2020-06-08T18:33:47.727Z"}
2020-06-08T18:36:13.373Z [grades-api] info: API Started!
2020-06-08T18:36:30.750Z [grades-api] info: GET /grade/:id - {"id":53,"student":"Raphael Mantilha Nogueira","subject":"Java","type":"Prova 1","value":9,"timestamp":"2020-06-08T18:36:12.264Z"}
2020-06-08T18:37:01.390Z [grades-api] error: PUT /grade - Cannot set property 'student' of undefined
2020-06-08T18:38:16.612Z [grades-api] info: API Started!
2020-06-08T18:38:48.416Z [grades-api] error: PUT /grade - Cannot set property 'student' of undefined
2020-06-08T18:39:03.342Z [grades-api] info: API Started!
2020-06-08T18:39:05.551Z [grades-api] error: PUT /grade - Cannot set property 'student' of undefined
2020-06-08T18:39:39.772Z [grades-api] info: API Started!
2020-06-08T18:39:41.673Z [grades-api] error: PUT /grade - Cannot set property 'student' of undefined
2020-06-08T18:40:00.295Z [grades-api] info: API Started!
2020-06-08T18:40:11.273Z [grades-api] info: PUT /grade - {"id":53,"student":"Raphael Mantilha Nogueira","subject":"JavaScript","type":"Prova 2","value":8,"timestamp":"2020-06-08T18:33:47.727Z"}
2020-06-08T18:40:12.093Z [grades-api] info: API Started!
2020-06-08T18:40:18.351Z [grades-api] info: GET /grade/:id - {"id":53,"student":"Raphael Mantilha Nogueira","subject":"JavaScript","type":"Prova 2","value":8,"timestamp":"2020-06-08T18:40:11.268Z"}
2020-06-08T19:00:09.953Z [grades-api] info: API Started!
2020-06-08T19:00:29.801Z [grades-api] info: GET /grade
2020-06-08T19:01:13.975Z [grades-api] info: PUT /grade - {"id":49,"student":"Raphael Mantilha Nogueira","subject":"Node.js","type":"Prova 2","value":8,"timestamp":"2020-06-08T18:33:47.727Z"}
2020-06-08T19:01:14.751Z [grades-api] info: API Started!
2020-06-08T19:01:29.163Z [grades-api] info: GET /grade
2020-06-08T19:01:48.718Z [grades-api] info: PUT /grade - {"id":49,"student":"Raphael Mantilha","subject":"Node.js","type":"Prova 2","value":8,"timestamp":"2020-06-08T18:33:47.727Z"}
2020-06-08T19:01:49.640Z [grades-api] info: API Started!
2020-06-08T19:02:02.754Z [grades-api] info: PUT /grade - {"id":53,"student":"Raphael Mantilha","subject":"Node.js","type":"Prova 1","value":10,"timestamp":"2020-06-08T18:33:47.727Z"}
2020-06-08T19:02:03.761Z [grades-api] info: API Started!
2020-06-08T19:02:05.570Z [grades-api] info: GET /grade
2020-06-08T19:03:43.313Z [grades-api] info: API Started!
2020-06-08T19:04:35.403Z [grades-api] info: API Started!
2020-06-08T19:05:22.133Z [grades-api] info: API Started!
2020-06-08T19:05:43.880Z [grades-api] info: API Started!
2020-06-08T19:06:12.686Z [grades-api] info: API Started!
2020-06-08T19:07:28.602Z [grades-api] info: GET /grade
2020-06-08T19:08:32.787Z [grades-api] info: API Started!
2020-06-08T19:08:54.846Z [grades-api] info: API Started!
2020-06-08T19:14:18.777Z [grades-api] info: API Started!
2020-06-08T19:18:59.378Z [grades-api] info: API Started!
2020-06-08T19:19:01.434Z [grades-api] info: API Started!
2020-06-08T19:22:40.473Z [grades-api] info: API Started!
2020-06-08T19:22:52.023Z [grades-api] info: API Started!
2020-06-08T19:30:59.555Z [grades-api] info: API Started!
2020-06-08T19:31:54.257Z [grades-api] info: API Started!
2020-06-08T19:31:56.107Z [grades-api] info: API Started!
2020-06-08T19:32:35.052Z [grades-api] info: API Started!
2020-06-08T19:33:15.751Z [grades-api] info: API Started!
2020-06-08T19:34:04.531Z [grades-api] info: API Started!
2020-06-08T19:34:08.706Z [grades-api] info: API Started!
2020-06-08T19:34:22.331Z [grades-api] info: API Started!
2020-06-08T19:35:27.352Z [grades-api] info: API Started!
2020-06-08T19:35:29.262Z [grades-api] error: GET /total - Invalid status code: NaN
2020-06-08T19:35:48.753Z [grades-api] info: API Started!
2020-06-08T19:35:50.636Z [grades-api] error: GET /total - Invalid status code: NaN
2020-06-08T19:36:37.917Z [grades-api] info: API Started!
2020-06-08T19:36:40.143Z [grades-api] error: GET /total - res.body is not a function
2020-06-08T19:37:19.943Z [grades-api] info: API Started!
2020-06-08T19:37:21.323Z [grades-api] error: GET /total - res.body is not a function
2020-06-08T19:41:24.808Z [grades-api] info: API Started!
2020-06-08T19:41:28.988Z [grades-api] error: GET /total - sumGrades is not defined
2020-06-08T19:42:07.494Z [grades-api] info: API Started!
2020-06-08T19:42:09.248Z [grades-api] error: GET /total - Invalid status code: 18
2020-06-08T19:42:32.882Z [grades-api] info: API Started!
2020-06-08T19:42:48.187Z [grades-api] info: API Started!
2020-06-08T19:44:17.745Z [grades-api] info: API Started!
2020-06-08T19:46:23.299Z [grades-api] info: API Started!
2020-06-08T19:46:44.348Z [grades-api] info: API Started!
2020-06-08T19:47:02.766Z [grades-api] info: API Started!
2020-06-08T19:47:15.455Z [grades-api] info: API Started!
2020-06-08T19:49:28.668Z [grades-api] info: API Started!
2020-06-08T19:51:06.117Z [grades-api] info: API Started!
2020-06-08T19:51:17.904Z [grades-api] info: API Started!
2020-06-08T19:56:08.188Z [grades-api] info: API Started!
2020-06-08T19:56:42.222Z [grades-api] info: API Started!
2020-06-08T19:58:16.199Z [grades-api] info: API Started!
2020-06-08T19:58:51.304Z [grades-api] info: API Started!
2020-06-08T20:05:26.248Z [grades-api] info: API Started!
2020-06-08T20:05:28.798Z [grades-api] info: GET /total - Soma é 18
2020-06-08T20:05:50.058Z [grades-api] info: GET /total - Soma é 18
2020-06-08T20:06:15.329Z [grades-api] info: API Started!
2020-06-08T20:06:22.243Z [grades-api] info: API Started!
2020-06-08T20:06:25.093Z [grades-api] info: GET /total - Soma é 18
2020-06-08T20:10:48.867Z [grades-api] info: API Started!
2020-06-08T20:10:54.691Z [grades-api] info: API Started!
2020-06-08T20:10:58.478Z [grades-api] error: GET /total - counter is not defined
2020-06-08T20:11:12.030Z [grades-api] info: API Started!
2020-06-08T20:11:13.187Z [grades-api] error: GET /total - counter is not defined
2020-06-08T20:11:27.480Z [grades-api] info: API Started!
2020-06-08T20:11:30.021Z [grades-api] error: GET /total - accumulaor is not defined
2020-06-08T20:11:36.550Z [grades-api] info: API Started!
2020-06-08T20:11:37.888Z [grades-api] info: GET /total - Soma é 18
2020-06-08T20:12:20.520Z [grades-api] info: API Started!
2020-06-08T20:12:22.480Z [grades-api] info: GET /total - Soma é 18
2020-06-08T20:49:31.166Z [grades-api] info: API Started!
2020-06-08T20:52:02.527Z [grades-api] info: API Started!
2020-06-08T20:52:05.615Z [grades-api] info: API Started!
2020-06-08T20:52:38.962Z [grades-api] info: PUT /grade - {"id":53,"student":"Raphael Mantilha","subject":"Node.js","type":"Prova 1","value":10,"timestamp":"2020-06-08T18:33:47.727Z"}
2020-06-08T20:52:39.770Z [grades-api] info: API Started!
2020-06-08T20:53:43.990Z [grades-api] info: GET /grade
2020-06-08T20:54:05.122Z [grades-api] info: PUT /grade - {"id":49,"student":"Raphael Mantilha","subject":"Node.js","type":"Prova 1","value":8,"timestamp":"2020-06-08T19:01:48.715Z"}
2020-06-08T20:54:06.028Z [grades-api] info: API Started!
2020-06-08T20:54:08.069Z [grades-api] info: GET /grade
2020-06-08T20:56:29.275Z [grades-api] info: API Started!
2020-06-08T20:57:08.452Z [grades-api] info: API Started!
2020-06-08T20:57:24.893Z [grades-api] info: POST /averagegrade - Média é 9
2020-06-08T20:59:43.331Z [grades-api] info: POST /grade - {"id":54,"student":"Raphael Mantilha","subject":"Node.js","type":"Prova 1","value":5,"timestamp":"2020-06-08T20:59:43.329Z"}
2020-06-08T20:59:44.240Z [grades-api] info: API Started!
2020-06-08T20:59:56.428Z [grades-api] info: POST /grade - {"id":55,"student":"Raphael Mantilha","subject":"Node.js","type":"Prova 1","value":3,"timestamp":"2020-06-08T20:59:56.424Z"}
2020-06-08T20:59:57.390Z [grades-api] info: API Started!
2020-06-08T21:05:38.295Z [grades-api] info: API Started!
2020-06-08T21:13:38.699Z [grades-api] info: API Started!
2020-06-08T21:16:53.742Z [grades-api] info: API Started!
2020-06-08T21:17:09.130Z [grades-api] info: API Started!
2020-06-08T21:30:34.710Z [grades-api] info: API Started!
2020-06-08T21:30:40.068Z [grades-api] info: POST /bestgrade - Melhores notas são [object Object],[object Object],[object Object]
2020-06-08T21:31:14.354Z [grades-api] info: API Started!
2020-06-08T21:31:17.108Z [grades-api] info: POST /bestgrade - Melhores notas foram impressas
2020-06-08T21:32:21.331Z [grades-api] info: API Started!
2020-06-08T21:32:51.024Z [grades-api] info: API Started!
2020-06-08T23:11:47.926Z [grades-api] info: API Started!
2020-06-08T23:11:51.413Z [grades-api] info: POST /grade - {"id":56,"student":"Raphael Mantilha","subject":"Node.js","type":"Prova 1","value":9,"timestamp":"2020-06-08T23:11:51.409Z"}
2020-06-08T23:11:57.434Z [grades-api] info: GET /grade
2020-06-08T23:12:43.408Z [grades-api] info: POST /grade - {"id":57,"student":"Raphael Mantilha","subject":"Node.js","type":"Prova 1","value":9,"timestamp":"2020-06-08T23:12:43.407Z"}
2020-06-08T23:13:15.014Z [grades-api] info: PUT /grade - {"id":57,"student":"Raphael Mantilha","subject":"Node.js","type":"Prova 2","value":8}
2020-06-08T23:13:26.411Z [grades-api] info: GET /grade/:id - {"id":57,"student":"Raphael Mantilha","subject":"Node.js","type":"Prova 2","value":8,"timestamp":"2020-06-08T23:13:15.012Z"}
2020-06-08T23:13:48.566Z [grades-api] info: DELETE /grade/:id - 57
2020-06-08T23:14:25.027Z [grades-api] error: POST /total - sumAges is not defined
2020-06-08T23:15:12.861Z [grades-api] info: API Started!
2020-06-08T23:15:19.208Z [grades-api] info: POST /total - Soma é 35
2020-06-08T23:15:31.672Z [grades-api] info: GET /grade
2020-06-08T23:16:18.517Z [grades-api] info: POST /averagegrade - Média é 7
2020-06-08T23:17:15.675Z [grades-api] info: POST /bestgrade - Melhores notas foram impressas
2020-06-08T23:18:31.551Z [grades-api] info: POST /averagegrade - Média é 10.75
2020-06-08T23:20:22.674Z [grades-api] info: POST /bestgrade - Melhores notas foram impressas
2020-06-08T23:21:11.539Z [grades-api] info: POST /averagegrade - Média é 27
2020-06-08T23:22:15.015Z [grades-api] info: POST /total - Soma é 47
2020-06-08T23:23:19.951Z [grades-api] info: POST /grade - {"id":58,"student":"Roberto Achar","subject":"03 - React","type":"Fórum","value":10,"timestamp":"2020-06-08T23:23:19.949Z"}
2020-06-08T23:23:20.664Z [grades-api] info: API Started!
2020-06-08T23:23:45.012Z [grades-api] info: POST /total - Soma é 70
2020-06-08T23:25:00.237Z [grades-api] info: GET /grade/:id - {"id":33,"student":"Roberto Achar","subject":"01 - JavaScript","type":"Desafio","value":25,"timestamp":"2020-05-19T18:21:25.184Z"}
2020-06-08T23:26:39.356Z [grades-api] info: PUT /grade - {"id":33,"student":"Roberto Achar","subject":"01 - JavaScript","type":"Desafio","value":15}
2020-06-08T23:26:40.142Z [grades-api] info: API Started!
2020-06-08T23:27:09.086Z [grades-api] info: POST /averagegrade - Média é 13
2020-06-08T23:28:09.326Z [grades-api] info: GET /grade/:id - {"id":32,"student":"Roberto Achar","subject":"04 - MongoDB","type":"Trabalho Prático","value":16,"timestamp":"2020-05-19T18:21:25.178Z"}
2020-06-08T23:28:23.182Z [grades-api] info: DELETE /grade/:id - 32
2020-06-08T23:28:23.909Z [grades-api] info: API Started!
2020-06-08T23:29:00.015Z [grades-api] info: POST /averagegrade - Média é 26
2020-06-08T23:29:21.399Z [grades-api] info: GET /grade/:id - {"id":43,"student":"Rodrigo Branas","subject":"03 - React","type":"Trabalho Prático","value":6,"timestamp":"2020-05-19T18:21:25.253Z"}
